<?xml version="1.0" encoding="UTF-8"?>
<testng-results ignored="0" total="1" passed="0" failed="1" skipped="0">
  <reporter-output>
  </reporter-output>
  <suite started-at="2025-06-02T02:07:55 IST" name="BDD Suite" finished-at="2025-06-02T02:08:16 IST" duration-ms="21332">
    <groups>
      <group name="cucumber">
        <method signature="AbstractTestNGCucumberTests.runScenario(io.cucumber.testng.PickleWrapper,io.cucumber.testng.FeatureWrapper)[pri:0, instance:com.aniket.Runners.TestRunner@51399530]" name="runScenario" class="io.cucumber.testng.AbstractTestNGCucumberTests"/>
      </group> <!-- cucumber -->
    </groups>
    <test started-at="2025-06-02T02:07:55 IST" name="Cucumber Test" finished-at="2025-06-02T02:08:16 IST" duration-ms="21332">
      <class name="com.aniket.Runners.TestRunner">
        <test-method is-config="true" signature="setUpClass(org.testng.ITestContext)[pri:0, instance:com.aniket.Runners.TestRunner@51399530]" started-at="2025-06-02T02:07:55 IST" name="setUpClass" finished-at="2025-06-02T02:07:56 IST" duration-ms="866" status="PASS">
          <params>
            <param index="0">
              <value>
                <![CDATA[org.testng.TestRunner@6d0114c0]]>
              </value>
            </param>
          </params>
          <reporter-output>
          </reporter-output>
        </test-method> <!-- setUpClass -->
        <test-method signature="runScenario(io.cucumber.testng.PickleWrapper,io.cucumber.testng.FeatureWrapper)[pri:0, instance:com.aniket.Runners.TestRunner@51399530]" started-at="2025-06-02T02:07:56 IST" name="runScenario" description="Runs Cucumber Scenarios" data-provider="scenarios" finished-at="2025-06-02T02:08:16 IST" duration-ms="20292" status="FAIL">
          <params>
            <param index="0">
              <value>
                <![CDATA["Successfull login with valid credentials"]]>
              </value>
            </param>
            <param index="1">
              <value>
                <![CDATA["Login Functonality"]]>
              </value>
            </param>
          </params>
          <exception class="java.lang.AssertionError">
            <message>
              <![CDATA[Home page is not opened expected [true] but found [false]]]>
            </message>
            <full-stacktrace>
              <![CDATA[java.lang.AssertionError: Home page is not opened expected [true] but found [false]
at org.testng.Assert.fail(Assert.java:111)
at org.testng.Assert.failNotEquals(Assert.java:1578)
at org.testng.Assert.assertTrue(Assert.java:57)
at com.aniket.stepDefinitions.LoginSteps.user_should_navigated_to_home_page(LoginSteps.java:60)
at âœ½.user should navigated to home page(file:///C:/Personal%20Project/mini_project/src/test/resources/features/Login.feature:8)
]]>
            </full-stacktrace>
          </exception> <!-- java.lang.AssertionError -->
          <reporter-output>
          </reporter-output>
        </test-method> <!-- runScenario -->
        <test-method is-config="true" signature="tearDownClass()[pri:0, instance:com.aniket.Runners.TestRunner@51399530]" started-at="2025-06-02T02:08:16 IST" name="tearDownClass" finished-at="2025-06-02T02:08:16 IST" duration-ms="132" status="PASS">
          <reporter-output>
          </reporter-output>
        </test-method> <!-- tearDownClass -->
      </class> <!-- com.aniket.Runners.TestRunner -->
    </test> <!-- Cucumber Test -->
  </suite> <!-- BDD Suite -->
</testng-results>
