-------------------------------------------------------------------------------
Test set: TestSuite
-------------------------------------------------------------------------------
Tests run: 1, Failures: 1, Errors: 0, Skipped: 0, Time elapsed: 19.57 s <<< FAILURE! -- in TestSuite
com.aniket.Runners.TestRunner.runScenario["Successfull login with valid credentials", "Login Functonality"](1) -- Time elapsed: 17.15 s <<< FAILURE!
java.lang.AssertionError: Home page is not opened expected [true] but found [false]
	at org.testng.Assert.fail(Assert.java:111)
	at org.testng.Assert.failNotEquals(Assert.java:1578)
	at org.testng.Assert.assertTrue(Assert.java:57)
	at com.aniket.stepDefinitions.LoginSteps.user_should_navigated_to_home_page(LoginSteps.java:60)
	at âœ½.user should navigated to home page(file:///C:/Personal%20Project/mini_project/src/test/resources/features/Login.feature:8)

